/Users/rr/Documents/www/localGPT/SOURCE_DOCUMENTS/Orca_paper.pdf loaded.
/Users/rr/Documents/www/localGPT/SOURCE_DOCUMENTS/Orca_paper.pdf loaded.
/Users/rr/Documents/www/localGPT/SOURCE_DOCUMENTS/FELIPE TRUJILLO.pdf loaded.
/Users/rr/Documents/www/localGPT/SOURCE_DOCUMENTS/FELIPE TRUJILLO.pdf loading error: 
Unable to get page count. Is poppler installed and in PATH?
/Users/rr/Documents/www/localGPT/SOURCE_DOCUMENTS/FELIPE_TRUJILLO.pdf loaded.
/Users/rr/Documents/www/localGPT/SOURCE_DOCUMENTS/FELIPE_TRUJILLO.pdf loading error: 
Unable to get page count. Is poppler installed and in PATH?
/Users/rr/Documents/www/localGPT/SOURCE_DOCUMENTS/FELIPE_TRUJILLO.pdf loaded.
/Users/rr/Documents/www/localGPT/SOURCE_DOCUMENTS/FELIPE_TRUJILLO.pdf loading error: 
Unable to get page count. Is poppler installed and in PATH?
/Users/rr/Documents/www/localGPT/SOURCE_DOCUMENTS/FELIPE_TRUJILLO.pdf loaded.
/Users/rr/Documents/www/localGPT/SOURCE_DOCUMENTS/FELIPE_TRUJILLO.pdf loading error: 
Unable to get page count. Is poppler installed and in PATH?
/Users/rr/Documents/www/localGPT/SOURCE_DOCUMENTS/SdResumenFinanciero_1703865326976.pdf loaded.
/Users/rr/Documents/www/localGPT/SOURCE_DOCUMENTS/SdResumenFinanciero_1703865326976.pdf loaded.
/Users/rr/Documents/www/localGPT/SOURCE_DOCUMENTS/SdResumenFinanciero_1703865326976.pdf loaded.
/Users/rr/Documents/www/localGPT/SOURCE_DOCUMENTS/SdResumenFinanciero_1703865326976.pdf loaded.
/Users/rr/Documents/www/localGPT/SOURCE_DOCUMENTS/SdResumenFinanciero_1703865326976.pdf loaded.
/Users/rr/Documents/www/localGPT/SOURCE_DOCUMENTS/SdResumenFinanciero_1703865326976.pdf loaded.
